c:\users\mrm27\source\repos\openglengine\openglengine\debug\vc141.pdb
c:\users\mrm27\source\repos\openglengine\openglengine\debug\vc141.idb
c:\users\mrm27\source\repos\openglengine\openglengine\debug\openglengine.obj
c:\users\mrm27\source\repos\openglengine\openglengine\debug\imgui_widgets.obj
c:\users\mrm27\source\repos\openglengine\openglengine\debug\imgui_tables.obj
c:\users\mrm27\source\repos\openglengine\openglengine\debug\imgui_impl_opengl3.obj
c:\users\mrm27\source\repos\openglengine\openglengine\debug\imgui_impl_glfw.obj
c:\users\mrm27\source\repos\openglengine\openglengine\debug\imgui_draw.obj
c:\users\mrm27\source\repos\openglengine\openglengine\debug\imgui_demo.obj
c:\users\mrm27\source\repos\openglengine\openglengine\debug\imgui.obj
c:\users\mrm27\source\repos\openglengine\openglengine\debug\glad.obj
c:\users\mrm27\source\repos\openglengine\openglengine\debug\ui.obj
c:\users\mrm27\source\repos\openglengine\openglengine\debug\openglengine.res
c:\users\mrm27\source\repos\openglengine\openglengine\debug\main.obj
c:\users\mrm27\source\repos\openglengine\debug\openglengine.pdb
c:\users\mrm27\source\repos\openglengine\openglengine\debug\openglengine.tlog\cl.command.1.tlog
c:\users\mrm27\source\repos\openglengine\openglengine\debug\openglengine.tlog\cl.read.1.tlog
c:\users\mrm27\source\repos\openglengine\openglengine\debug\openglengine.tlog\cl.write.1.tlog
c:\users\mrm27\source\repos\openglengine\openglengine\debug\openglengine.tlog\link-cvtres.read.1.tlog
c:\users\mrm27\source\repos\openglengine\openglengine\debug\openglengine.tlog\link-cvtres.write.1.tlog
c:\users\mrm27\source\repos\openglengine\openglengine\debug\openglengine.tlog\link-rc.read.1.tlog
c:\users\mrm27\source\repos\openglengine\openglengine\debug\openglengine.tlog\link-rc.write.1.tlog
c:\users\mrm27\source\repos\openglengine\openglengine\debug\openglengine.tlog\link.8072-cvtres.read.1.tlog
c:\users\mrm27\source\repos\openglengine\openglengine\debug\openglengine.tlog\link.8072-cvtres.write.1.tlog
c:\users\mrm27\source\repos\openglengine\openglengine\debug\openglengine.tlog\link.8072-rc.read.1.tlog
c:\users\mrm27\source\repos\openglengine\openglengine\debug\openglengine.tlog\link.8072-rc.write.1.tlog
c:\users\mrm27\source\repos\openglengine\openglengine\debug\openglengine.tlog\link.8072.read.1.tlog
c:\users\mrm27\source\repos\openglengine\openglengine\debug\openglengine.tlog\link.8072.write.1.tlog
c:\users\mrm27\source\repos\openglengine\openglengine\debug\openglengine.tlog\link.command.1.tlog
c:\users\mrm27\source\repos\openglengine\openglengine\debug\openglengine.tlog\link.read.1.tlog
c:\users\mrm27\source\repos\openglengine\openglengine\debug\openglengine.tlog\link.write.1.tlog
c:\users\mrm27\source\repos\openglengine\openglengine\debug\openglengine.tlog\rc.command.1.tlog
c:\users\mrm27\source\repos\openglengine\openglengine\debug\openglengine.tlog\rc.read.1.tlog
c:\users\mrm27\source\repos\openglengine\openglengine\debug\openglengine.tlog\rc.write.1.tlog
